[0.486s] Invoking command in '/home/alexey/ros2_ws/build/my_robot': DEBUGINFOD_URLS=https://debuginfod.ubuntu.com PYTHONPATH=/home/alexey/ros2_ws/build/my_robot/prefix_override:/usr/lib/python3/dist-packages/colcon_core/task/python/colcon_distutils_commands:/home/alexey/ros2_ws/install/my_robot/lib/python3.12/site-packages:${PYTHONPATH} /usr/bin/python3 -W ignore:setup.py install is deprecated -W ignore:easy_install command is deprecated setup.py develop --editable --build-directory /home/alexey/ros2_ws/build/my_robot/build --no-deps symlink_data --force
[0.680s] running develop
[0.789s] running egg_info
[0.799s] writing my_robot.egg-info/PKG-INFO
[0.799s] writing dependency_links to my_robot.egg-info/dependency_links.txt
[0.799s] writing entry points to my_robot.egg-info/entry_points.txt
[0.799s] writing requirements to my_robot.egg-info/requires.txt
[0.800s] writing top-level names to my_robot.egg-info/top_level.txt
[0.821s] reading manifest file 'my_robot.egg-info/SOURCES.txt'
[0.822s] writing manifest file 'my_robot.egg-info/SOURCES.txt'
[0.833s] running build_ext
[0.833s] Creating /home/alexey/ros2_ws/install/my_robot/lib/python3.12/site-packages/my-robot.egg-link (link to .)
[0.833s] Installing state_publisher script to /home/alexey/ros2_ws/install/my_robot/lib/my_robot
[0.833s] 
[0.833s] Installed /home/alexey/ros2_ws/build/my_robot
[0.833s] running symlink_data
[0.834s] symbolically linking /home/alexey/ros2_ws/build/my_robot/resource/my_robot -> /home/alexey/ros2_ws/install/my_robot/share/ament_index/resource_index/packages
[0.834s] symbolically linking /home/alexey/ros2_ws/build/my_robot/package.xml -> /home/alexey/ros2_ws/install/my_robot/share/my_robot
[0.834s] symbolically linking /home/alexey/ros2_ws/build/my_robot/meshes/link_f_l_w.STL -> /home/alexey/ros2_ws/install/my_robot/share/my_robot/meshes
[0.834s] symbolically linking /home/alexey/ros2_ws/build/my_robot/meshes/link_chair.STL -> /home/alexey/ros2_ws/install/my_robot/share/my_robot/meshes
[0.834s] symbolically linking /home/alexey/ros2_ws/build/my_robot/meshes/link_w.STL -> /home/alexey/ros2_ws/install/my_robot/share/my_robot/meshes
[0.834s] symbolically linking /home/alexey/ros2_ws/build/my_robot/meshes/link_l_w.STL -> /home/alexey/ros2_ws/install/my_robot/share/my_robot/meshes
[0.834s] symbolically linking /home/alexey/ros2_ws/build/my_robot/meshes/link_r_w.STL -> /home/alexey/ros2_ws/install/my_robot/share/my_robot/meshes
[0.834s] symbolically linking /home/alexey/ros2_ws/build/my_robot/meshes/bushes.STL -> /home/alexey/ros2_ws/install/my_robot/share/my_robot/meshes
[0.834s] symbolically linking /home/alexey/ros2_ws/build/my_robot/meshes/base_link.STL -> /home/alexey/ros2_ws/install/my_robot/share/my_robot/meshes
[0.834s] symbolically linking /home/alexey/ros2_ws/build/my_robot/meshes/link_f_l.STL -> /home/alexey/ros2_ws/install/my_robot/share/my_robot/meshes
[0.834s] symbolically linking /home/alexey/ros2_ws/build/my_robot/meshes/link_f_r.STL -> /home/alexey/ros2_ws/install/my_robot/share/my_robot/meshes
[0.834s] symbolically linking /home/alexey/ros2_ws/build/my_robot/meshes/link_f_r_w.STL -> /home/alexey/ros2_ws/install/my_robot/share/my_robot/meshes
[0.834s] symbolically linking /home/alexey/ros2_ws/build/my_robot/meshes/borozda.STL -> /home/alexey/ros2_ws/install/my_robot/share/my_robot/meshes
[0.855s] Invoked command in '/home/alexey/ros2_ws/build/my_robot' returned '0': DEBUGINFOD_URLS=https://debuginfod.ubuntu.com PYTHONPATH=/home/alexey/ros2_ws/build/my_robot/prefix_override:/usr/lib/python3/dist-packages/colcon_core/task/python/colcon_distutils_commands:/home/alexey/ros2_ws/install/my_robot/lib/python3.12/site-packages:${PYTHONPATH} /usr/bin/python3 -W ignore:setup.py install is deprecated -W ignore:easy_install command is deprecated setup.py develop --editable --build-directory /home/alexey/ros2_ws/build/my_robot/build --no-deps symlink_data --force
