[0.484s] Invoking command in '/home/alexey/ros2_ws/build/my_robot': DEBUGINFOD_URLS=https://debuginfod.ubuntu.com PYTHONPATH=/home/alexey/ros2_ws/build/my_robot/prefix_override:/usr/lib/python3/dist-packages/colcon_core/task/python/colcon_distutils_commands:/home/alexey/ros2_ws/install/my_robot/lib/python3.12/site-packages:${PYTHONPATH} /usr/bin/python3 -W ignore:setup.py install is deprecated -W ignore:easy_install command is deprecated setup.py develop --uninstall --editable --build-directory /home/alexey/ros2_ws/build/my_robot/build
[0.648s] running develop
[0.755s] Removing /home/alexey/ros2_ws/install/my_robot/lib/python3.12/site-packages/my-robot.egg-link (link to .)
[0.774s] Invoked command in '/home/alexey/ros2_ws/build/my_robot' returned '0': DEBUGINFOD_URLS=https://debuginfod.ubuntu.com PYTHONPATH=/home/alexey/ros2_ws/build/my_robot/prefix_override:/usr/lib/python3/dist-packages/colcon_core/task/python/colcon_distutils_commands:/home/alexey/ros2_ws/install/my_robot/lib/python3.12/site-packages:${PYTHONPATH} /usr/bin/python3 -W ignore:setup.py install is deprecated -W ignore:easy_install command is deprecated setup.py develop --uninstall --editable --build-directory /home/alexey/ros2_ws/build/my_robot/build
[0.774s] Invoking command in '/home/alexey/ros2_ws/src/my_robot': DEBUGINFOD_URLS=https://debuginfod.ubuntu.com PYTHONPATH=/home/alexey/ros2_ws/build/my_robot/prefix_override:/usr/lib/python3/dist-packages/colcon_core/task/python/colcon_distutils_commands:/home/alexey/ros2_ws/install/my_robot/lib/python3.12/site-packages:${PYTHONPATH} /usr/bin/python3 -W ignore:setup.py install is deprecated -W ignore:easy_install command is deprecated setup.py egg_info --egg-base ../../build/my_robot build --build-base /home/alexey/ros2_ws/build/my_robot/build install --record /home/alexey/ros2_ws/build/my_robot/install.log --single-version-externally-managed install_data --force
[0.920s] running egg_info
[0.929s] writing ../../build/my_robot/my_robot.egg-info/PKG-INFO
[0.929s] writing dependency_links to ../../build/my_robot/my_robot.egg-info/dependency_links.txt
[0.929s] writing entry points to ../../build/my_robot/my_robot.egg-info/entry_points.txt
[0.929s] writing requirements to ../../build/my_robot/my_robot.egg-info/requires.txt
[0.929s] writing top-level names to ../../build/my_robot/my_robot.egg-info/top_level.txt
[0.949s] reading manifest file '../../build/my_robot/my_robot.egg-info/SOURCES.txt'
[0.949s] writing manifest file '../../build/my_robot/my_robot.egg-info/SOURCES.txt'
[0.949s] running build
[0.949s] running build_py
[0.950s] creating /home/alexey/ros2_ws/build/my_robot/build
[0.950s] creating /home/alexey/ros2_ws/build/my_robot/build/lib
[0.950s] creating /home/alexey/ros2_ws/build/my_robot/build/lib/my_robot
[0.950s] copying my_robot/state_publisher.py -> /home/alexey/ros2_ws/build/my_robot/build/lib/my_robot
[0.950s] copying my_robot/__init__.py -> /home/alexey/ros2_ws/build/my_robot/build/lib/my_robot
[0.950s] running install
[0.953s] running install_lib
[0.963s] creating /home/alexey/ros2_ws/install/my_robot/lib/python3.12/site-packages/my_robot
[0.963s] copying /home/alexey/ros2_ws/build/my_robot/build/lib/my_robot/state_publisher.py -> /home/alexey/ros2_ws/install/my_robot/lib/python3.12/site-packages/my_robot
[0.963s] copying /home/alexey/ros2_ws/build/my_robot/build/lib/my_robot/__init__.py -> /home/alexey/ros2_ws/install/my_robot/lib/python3.12/site-packages/my_robot
[0.963s] byte-compiling /home/alexey/ros2_ws/install/my_robot/lib/python3.12/site-packages/my_robot/state_publisher.py to state_publisher.cpython-312.pyc
[0.964s] byte-compiling /home/alexey/ros2_ws/install/my_robot/lib/python3.12/site-packages/my_robot/__init__.py to __init__.cpython-312.pyc
[0.964s] running install_data
[0.964s] copying resource/my_robot -> /home/alexey/ros2_ws/install/my_robot/share/ament_index/resource_index/packages
[0.964s] copying package.xml -> /home/alexey/ros2_ws/install/my_robot/share/my_robot
[0.964s] copying meshes/link_f_l_w.STL -> /home/alexey/ros2_ws/install/my_robot/share/my_robot/meshes
[0.964s] copying meshes/link_chair.STL -> /home/alexey/ros2_ws/install/my_robot/share/my_robot/meshes
[0.964s] copying meshes/link_w.STL -> /home/alexey/ros2_ws/install/my_robot/share/my_robot/meshes
[0.964s] copying meshes/link_l_w.STL -> /home/alexey/ros2_ws/install/my_robot/share/my_robot/meshes
[0.965s] copying meshes/link_r_w.STL -> /home/alexey/ros2_ws/install/my_robot/share/my_robot/meshes
[0.965s] copying meshes/base_link.STL -> /home/alexey/ros2_ws/install/my_robot/share/my_robot/meshes
[0.965s] copying meshes/link_f_l.STL -> /home/alexey/ros2_ws/install/my_robot/share/my_robot/meshes
[0.965s] copying meshes/link_f_r.STL -> /home/alexey/ros2_ws/install/my_robot/share/my_robot/meshes
[0.965s] copying meshes/link_f_r_w.STL -> /home/alexey/ros2_ws/install/my_robot/share/my_robot/meshes
[0.965s] running install_egg_info
[0.976s] Copying ../../build/my_robot/my_robot.egg-info to /home/alexey/ros2_ws/install/my_robot/lib/python3.12/site-packages/my_robot-0.0.0-py3.12.egg-info
[0.977s] running install_scripts
[1.045s] Installing state_publisher script to /home/alexey/ros2_ws/install/my_robot/lib/my_robot
[1.045s] writing list of installed files to '/home/alexey/ros2_ws/build/my_robot/install.log'
[1.061s] Invoked command in '/home/alexey/ros2_ws/src/my_robot' returned '0': DEBUGINFOD_URLS=https://debuginfod.ubuntu.com PYTHONPATH=/home/alexey/ros2_ws/build/my_robot/prefix_override:/usr/lib/python3/dist-packages/colcon_core/task/python/colcon_distutils_commands:/home/alexey/ros2_ws/install/my_robot/lib/python3.12/site-packages:${PYTHONPATH} /usr/bin/python3 -W ignore:setup.py install is deprecated -W ignore:easy_install command is deprecated setup.py egg_info --egg-base ../../build/my_robot build --build-base /home/alexey/ros2_ws/build/my_robot/build install --record /home/alexey/ros2_ws/build/my_robot/install.log --single-version-externally-managed install_data --force
