[0.500s] Invoking command in '/home/alexey/ros2_ws/src/my_robot': DEBUGINFOD_URLS=https://debuginfod.ubuntu.com PYTHONPATH=/home/alexey/ros2_ws/build/my_robot/prefix_override:/usr/lib/python3/dist-packages/colcon_core/task/python/colcon_distutils_commands:/home/alexey/ros2_ws/install/my_robot/lib/python3.12/site-packages:${PYTHONPATH} /usr/bin/python3 -W ignore:setup.py install is deprecated -W ignore:easy_install command is deprecated setup.py egg_info --egg-base ../../build/my_robot build --build-base /home/alexey/ros2_ws/build/my_robot/build install --record /home/alexey/ros2_ws/build/my_robot/install.log --single-version-externally-managed install_data
[0.665s] running egg_info
[0.665s] creating ../../build/my_robot/my_robot.egg-info
[0.676s] writing ../../build/my_robot/my_robot.egg-info/PKG-INFO
[0.677s] writing dependency_links to ../../build/my_robot/my_robot.egg-info/dependency_links.txt
[0.677s] writing requirements to ../../build/my_robot/my_robot.egg-info/requires.txt
[0.677s] writing top-level names to ../../build/my_robot/my_robot.egg-info/top_level.txt
[0.677s] writing manifest file '../../build/my_robot/my_robot.egg-info/SOURCES.txt'
[0.700s] reading manifest file '../../build/my_robot/my_robot.egg-info/SOURCES.txt'
[0.700s] writing manifest file '../../build/my_robot/my_robot.egg-info/SOURCES.txt'
[0.700s] running build
[0.700s] running build_py
[0.701s] creating /home/alexey/ros2_ws/build/my_robot/build
[0.701s] creating /home/alexey/ros2_ws/build/my_robot/build/lib
[0.701s] creating /home/alexey/ros2_ws/build/my_robot/build/lib/my_robot
[0.701s] copying my_robot/state_publisher.py -> /home/alexey/ros2_ws/build/my_robot/build/lib/my_robot
[0.701s] copying my_robot/__init__.py -> /home/alexey/ros2_ws/build/my_robot/build/lib/my_robot
[0.701s] running install
[0.705s] running install_lib
[0.717s] creating /home/alexey/ros2_ws/install/my_robot/lib/python3.12/site-packages/my_robot
[0.717s] copying /home/alexey/ros2_ws/build/my_robot/build/lib/my_robot/state_publisher.py -> /home/alexey/ros2_ws/install/my_robot/lib/python3.12/site-packages/my_robot
[0.717s] copying /home/alexey/ros2_ws/build/my_robot/build/lib/my_robot/__init__.py -> /home/alexey/ros2_ws/install/my_robot/lib/python3.12/site-packages/my_robot
[0.718s] byte-compiling /home/alexey/ros2_ws/install/my_robot/lib/python3.12/site-packages/my_robot/state_publisher.py to state_publisher.cpython-312.pyc
[0.718s] byte-compiling /home/alexey/ros2_ws/install/my_robot/lib/python3.12/site-packages/my_robot/__init__.py to __init__.cpython-312.pyc
[0.718s] running install_data
[0.718s] creating /home/alexey/ros2_ws/install/my_robot/share/ament_index
[0.718s] creating /home/alexey/ros2_ws/install/my_robot/share/ament_index/resource_index
[0.718s] creating /home/alexey/ros2_ws/install/my_robot/share/ament_index/resource_index/packages
[0.718s] copying resource/my_robot -> /home/alexey/ros2_ws/install/my_robot/share/ament_index/resource_index/packages
[0.718s] copying package.xml -> /home/alexey/ros2_ws/install/my_robot/share/my_robot
[0.718s] creating /home/alexey/ros2_ws/install/my_robot/share/my_robot/launch
[0.718s] copying launch/my_robot.launch.py -> /home/alexey/ros2_ws/install/my_robot/share/my_robot/launch
[0.718s] copying launch/test.launch.py -> /home/alexey/ros2_ws/install/my_robot/share/my_robot/launch
[0.718s] copying launch/test2.launch.py -> /home/alexey/ros2_ws/install/my_robot/share/my_robot/launch
[0.719s] copying launch/control.launch.py -> /home/alexey/ros2_ws/install/my_robot/share/my_robot/launch
[0.719s] creating /home/alexey/ros2_ws/install/my_robot/share/my_robot/urdf
[0.719s] copying urdf/empty.sdf -> /home/alexey/ros2_ws/install/my_robot/share/my_robot/urdf
[0.719s] copying urdf/fito.urdf -> /home/alexey/ros2_ws/install/my_robot/share/my_robot/urdf
[0.719s] copying urdf/model.sdf -> /home/alexey/ros2_ws/install/my_robot/share/my_robot/urdf
[0.719s] copying urdf/robot.urdf -> /home/alexey/ros2_ws/install/my_robot/share/my_robot/urdf
[0.719s] copying urdf/world.sdf -> /home/alexey/ros2_ws/install/my_robot/share/my_robot/urdf
[0.719s] copying urdf/run.sdf -> /home/alexey/ros2_ws/install/my_robot/share/my_robot/urdf
[0.719s] copying urdf/test.urdf -> /home/alexey/ros2_ws/install/my_robot/share/my_robot/urdf
[0.719s] copying urdf/robot.xacro -> /home/alexey/ros2_ws/install/my_robot/share/my_robot/urdf
[0.719s] copying urdf/robot2.urdf -> /home/alexey/ros2_ws/install/my_robot/share/my_robot/urdf
[0.719s] copying urdf/robot_description.urdf -> /home/alexey/ros2_ws/install/my_robot/share/my_robot/urdf
[0.719s] copying urdf/fito.xacro -> /home/alexey/ros2_ws/install/my_robot/share/my_robot/urdf
[0.719s] creating /home/alexey/ros2_ws/install/my_robot/share/my_robot/meshes
[0.719s] copying meshes/link_f_l_w.STL -> /home/alexey/ros2_ws/install/my_robot/share/my_robot/meshes
[0.719s] copying meshes/link_chair.STL -> /home/alexey/ros2_ws/install/my_robot/share/my_robot/meshes
[0.719s] copying meshes/link_w.STL -> /home/alexey/ros2_ws/install/my_robot/share/my_robot/meshes
[0.719s] copying meshes/link_l_w.STL -> /home/alexey/ros2_ws/install/my_robot/share/my_robot/meshes
[0.720s] copying meshes/link_r_w.STL -> /home/alexey/ros2_ws/install/my_robot/share/my_robot/meshes
[0.720s] copying meshes/bushes.STL -> /home/alexey/ros2_ws/install/my_robot/share/my_robot/meshes
[0.721s] copying meshes/base_link.STL -> /home/alexey/ros2_ws/install/my_robot/share/my_robot/meshes
[0.721s] copying meshes/link_f_l.STL -> /home/alexey/ros2_ws/install/my_robot/share/my_robot/meshes
[0.721s] copying meshes/link_f_r.STL -> /home/alexey/ros2_ws/install/my_robot/share/my_robot/meshes
[0.721s] copying meshes/link_f_r_w.STL -> /home/alexey/ros2_ws/install/my_robot/share/my_robot/meshes
[0.721s] copying meshes/borozda.STL -> /home/alexey/ros2_ws/install/my_robot/share/my_robot/meshes
[0.722s] creating /home/alexey/ros2_ws/install/my_robot/share/my_robot/config
[0.722s] copying config/joint_names_robot.yaml -> /home/alexey/ros2_ws/install/my_robot/share/my_robot/config
[0.722s] copying config/bridge_config.yaml -> /home/alexey/ros2_ws/install/my_robot/share/my_robot/config
[0.722s] copying config/controllers.yaml -> /home/alexey/ros2_ws/install/my_robot/share/my_robot/config
[0.722s] running install_egg_info
[0.735s] Copying ../../build/my_robot/my_robot.egg-info to /home/alexey/ros2_ws/install/my_robot/lib/python3.12/site-packages/my_robot-0.0.0-py3.12.egg-info
[0.735s] running install_scripts
[0.813s] writing list of installed files to '/home/alexey/ros2_ws/build/my_robot/install.log'
[0.830s] Invoked command in '/home/alexey/ros2_ws/src/my_robot' returned '0': DEBUGINFOD_URLS=https://debuginfod.ubuntu.com PYTHONPATH=/home/alexey/ros2_ws/build/my_robot/prefix_override:/usr/lib/python3/dist-packages/colcon_core/task/python/colcon_distutils_commands:/home/alexey/ros2_ws/install/my_robot/lib/python3.12/site-packages:${PYTHONPATH} /usr/bin/python3 -W ignore:setup.py install is deprecated -W ignore:easy_install command is deprecated setup.py egg_info --egg-base ../../build/my_robot build --build-base /home/alexey/ros2_ws/build/my_robot/build install --record /home/alexey/ros2_ws/build/my_robot/install.log --single-version-externally-managed install_data
