[0.551s] Invoking command in '/home/alexey/ros2_ws/src/my_robot': DEBUGINFOD_URLS=https://debuginfod.ubuntu.com PYTHONPATH=/home/alexey/ros2_ws/build/my_robot/prefix_override:/usr/lib/python3/dist-packages/colcon_core/task/python/colcon_distutils_commands:/home/alexey/ros2_ws/install/my_robot/lib/python3.12/site-packages:${PYTHONPATH} /usr/bin/python3 -W ignore:setup.py install is deprecated -W ignore:easy_install command is deprecated setup.py egg_info --egg-base ../../build/my_robot build --build-base /home/alexey/ros2_ws/build/my_robot/build install --record /home/alexey/ros2_ws/build/my_robot/install.log --single-version-externally-managed install_data
[0.700s] running egg_info
[0.710s] writing ../../build/my_robot/my_robot.egg-info/PKG-INFO
[0.711s] writing dependency_links to ../../build/my_robot/my_robot.egg-info/dependency_links.txt
[0.711s] writing requirements to ../../build/my_robot/my_robot.egg-info/requires.txt
[0.711s] writing top-level names to ../../build/my_robot/my_robot.egg-info/top_level.txt
[0.732s] reading manifest file '../../build/my_robot/my_robot.egg-info/SOURCES.txt'
[0.733s] writing manifest file '../../build/my_robot/my_robot.egg-info/SOURCES.txt'
[0.733s] running build
[0.733s] running build_py
[0.733s] running install
[0.737s] running install_lib
[0.748s] running install_data
[0.749s] copying launch/control.launch.py -> /home/alexey/ros2_ws/install/my_robot/share/my_robot/launch
[0.749s] copying urdf/empty.sdf -> /home/alexey/ros2_ws/install/my_robot/share/my_robot/urdf
[0.749s] copying urdf/model.sdf -> /home/alexey/ros2_ws/install/my_robot/share/my_robot/urdf
[0.749s] copying urdf/world.sdf -> /home/alexey/ros2_ws/install/my_robot/share/my_robot/urdf
[0.749s] copying urdf/run.sdf -> /home/alexey/ros2_ws/install/my_robot/share/my_robot/urdf
[0.749s] copying urdf/robot2.urdf -> /home/alexey/ros2_ws/install/my_robot/share/my_robot/urdf
[0.749s] running install_egg_info
[0.761s] removing '/home/alexey/ros2_ws/install/my_robot/lib/python3.12/site-packages/my_robot-0.0.0-py3.12.egg-info' (and everything under it)
[0.761s] Copying ../../build/my_robot/my_robot.egg-info to /home/alexey/ros2_ws/install/my_robot/lib/python3.12/site-packages/my_robot-0.0.0-py3.12.egg-info
[0.761s] running install_scripts
[0.838s] writing list of installed files to '/home/alexey/ros2_ws/build/my_robot/install.log'
[0.857s] Invoked command in '/home/alexey/ros2_ws/src/my_robot' returned '0': DEBUGINFOD_URLS=https://debuginfod.ubuntu.com PYTHONPATH=/home/alexey/ros2_ws/build/my_robot/prefix_override:/usr/lib/python3/dist-packages/colcon_core/task/python/colcon_distutils_commands:/home/alexey/ros2_ws/install/my_robot/lib/python3.12/site-packages:${PYTHONPATH} /usr/bin/python3 -W ignore:setup.py install is deprecated -W ignore:easy_install command is deprecated setup.py egg_info --egg-base ../../build/my_robot build --build-base /home/alexey/ros2_ws/build/my_robot/build install --record /home/alexey/ros2_ws/build/my_robot/install.log --single-version-externally-managed install_data
