[0.464s] Invoking command in '/home/alexey/ros2_ws/src/my_robot': DEBUGINFOD_URLS=https://debuginfod.ubuntu.com PYTHONPATH=/home/alexey/ros2_ws/build/my_robot/prefix_override:/usr/lib/python3/dist-packages/colcon_core/task/python/colcon_distutils_commands:/home/alexey/ros2_ws/install/my_robot/lib/python3.12/site-packages:${PYTHONPATH} /usr/bin/python3 -W ignore:setup.py install is deprecated -W ignore:easy_install command is deprecated setup.py egg_info --egg-base ../../build/my_robot build --build-base /home/alexey/ros2_ws/build/my_robot/build install --record /home/alexey/ros2_ws/build/my_robot/install.log --single-version-externally-managed install_data
[0.637s] running egg_info
[0.649s] writing ../../build/my_robot/my_robot.egg-info/PKG-INFO
[0.649s] writing dependency_links to ../../build/my_robot/my_robot.egg-info/dependency_links.txt
[0.649s] writing entry points to ../../build/my_robot/my_robot.egg-info/entry_points.txt
[0.649s] writing requirements to ../../build/my_robot/my_robot.egg-info/requires.txt
[0.649s] writing top-level names to ../../build/my_robot/my_robot.egg-info/top_level.txt
[0.674s] reading manifest file '../../build/my_robot/my_robot.egg-info/SOURCES.txt'
[0.675s] writing manifest file '../../build/my_robot/my_robot.egg-info/SOURCES.txt'
[0.675s] running build
[0.675s] running build_py
[0.675s] running install
[0.679s] running install_lib
[0.691s] running install_data
[0.691s] copying urdf/fito.urdf -> /home/alexey/ros2_ws/install/my_robot/share/my_robot/urdf
[0.691s] copying urdf/run.sdf -> /home/alexey/ros2_ws/install/my_robot/share/my_robot/urdf
[0.692s] running install_egg_info
[0.704s] removing '/home/alexey/ros2_ws/install/my_robot/lib/python3.12/site-packages/my_robot-0.0.0-py3.12.egg-info' (and everything under it)
[0.704s] Copying ../../build/my_robot/my_robot.egg-info to /home/alexey/ros2_ws/install/my_robot/lib/python3.12/site-packages/my_robot-0.0.0-py3.12.egg-info
[0.705s] running install_scripts
[0.779s] Installing joy_control script to /home/alexey/ros2_ws/install/my_robot/lib/my_robot
[0.779s] writing list of installed files to '/home/alexey/ros2_ws/build/my_robot/install.log'
[0.795s] Invoked command in '/home/alexey/ros2_ws/src/my_robot' returned '0': DEBUGINFOD_URLS=https://debuginfod.ubuntu.com PYTHONPATH=/home/alexey/ros2_ws/build/my_robot/prefix_override:/usr/lib/python3/dist-packages/colcon_core/task/python/colcon_distutils_commands:/home/alexey/ros2_ws/install/my_robot/lib/python3.12/site-packages:${PYTHONPATH} /usr/bin/python3 -W ignore:setup.py install is deprecated -W ignore:easy_install command is deprecated setup.py egg_info --egg-base ../../build/my_robot build --build-base /home/alexey/ros2_ws/build/my_robot/build install --record /home/alexey/ros2_ws/build/my_robot/install.log --single-version-externally-managed install_data
