[0.501s] Invoking command in '/home/alexey/ros2_ws/src/my_robot': DEBUGINFOD_URLS=https://debuginfod.ubuntu.com PYTHONPATH=/home/alexey/ros2_ws/build/my_robot/prefix_override:/usr/lib/python3/dist-packages/colcon_core/task/python/colcon_distutils_commands:/home/alexey/ros2_ws/install/my_robot/lib/python3.12/site-packages:${PYTHONPATH} /usr/bin/python3 -W ignore:setup.py install is deprecated -W ignore:easy_install command is deprecated setup.py egg_info --egg-base ../../build/my_robot build --build-base /home/alexey/ros2_ws/build/my_robot/build install --record /home/alexey/ros2_ws/build/my_robot/install.log --single-version-externally-managed install_data
[0.670s] running egg_info
[0.681s] writing ../../build/my_robot/my_robot.egg-info/PKG-INFO
[0.682s] writing dependency_links to ../../build/my_robot/my_robot.egg-info/dependency_links.txt
[0.682s] writing entry points to ../../build/my_robot/my_robot.egg-info/entry_points.txt
[0.682s] writing requirements to ../../build/my_robot/my_robot.egg-info/requires.txt
[0.682s] writing top-level names to ../../build/my_robot/my_robot.egg-info/top_level.txt
[0.705s] reading manifest file '../../build/my_robot/my_robot.egg-info/SOURCES.txt'
[0.706s] writing manifest file '../../build/my_robot/my_robot.egg-info/SOURCES.txt'
[0.706s] running build
[0.706s] running build_py
[0.706s] running install
[0.710s] running install_lib
[0.722s] running install_data
[0.722s] copying launch/test.launch.py -> /home/alexey/ros2_ws/install/my_robot/share/my_robot/launch
[0.722s] running install_egg_info
[0.735s] removing '/home/alexey/ros2_ws/install/my_robot/lib/python3.12/site-packages/my_robot-0.0.0-py3.12.egg-info' (and everything under it)
[0.735s] Copying ../../build/my_robot/my_robot.egg-info to /home/alexey/ros2_ws/install/my_robot/lib/python3.12/site-packages/my_robot-0.0.0-py3.12.egg-info
[0.735s] running install_scripts
[0.815s] Installing odom script to /home/alexey/ros2_ws/install/my_robot/lib/my_robot
[0.815s] writing list of installed files to '/home/alexey/ros2_ws/build/my_robot/install.log'
[0.833s] Invoked command in '/home/alexey/ros2_ws/src/my_robot' returned '0': DEBUGINFOD_URLS=https://debuginfod.ubuntu.com PYTHONPATH=/home/alexey/ros2_ws/build/my_robot/prefix_override:/usr/lib/python3/dist-packages/colcon_core/task/python/colcon_distutils_commands:/home/alexey/ros2_ws/install/my_robot/lib/python3.12/site-packages:${PYTHONPATH} /usr/bin/python3 -W ignore:setup.py install is deprecated -W ignore:easy_install command is deprecated setup.py egg_info --egg-base ../../build/my_robot build --build-base /home/alexey/ros2_ws/build/my_robot/build install --record /home/alexey/ros2_ws/build/my_robot/install.log --single-version-externally-managed install_data
