[0.567s] Invoking command in '/home/alexey/ros2_ws/src/my_robot': DEBUGINFOD_URLS=https://debuginfod.ubuntu.com PYTHONPATH=/home/alexey/ros2_ws/build/my_robot/prefix_override:/usr/lib/python3/dist-packages/colcon_core/task/python/colcon_distutils_commands:/home/alexey/ros2_ws/install/my_robot/lib/python3.12/site-packages:${PYTHONPATH} /usr/bin/python3 -W ignore:setup.py install is deprecated -W ignore:easy_install command is deprecated setup.py egg_info --egg-base ../../build/my_robot build --build-base /home/alexey/ros2_ws/build/my_robot/build install --record /home/alexey/ros2_ws/build/my_robot/install.log --single-version-externally-managed install_data
[0.727s] running egg_info
[0.737s] writing ../../build/my_robot/my_robot.egg-info/PKG-INFO
[0.737s] writing dependency_links to ../../build/my_robot/my_robot.egg-info/dependency_links.txt
[0.737s] writing requirements to ../../build/my_robot/my_robot.egg-info/requires.txt
[0.737s] writing top-level names to ../../build/my_robot/my_robot.egg-info/top_level.txt
[0.758s] reading manifest file '../../build/my_robot/my_robot.egg-info/SOURCES.txt'
[0.759s] writing manifest file '../../build/my_robot/my_robot.egg-info/SOURCES.txt'
[0.759s] running build
[0.759s] running build_py
[0.760s] running install
[0.763s] running install_lib
[0.775s] running install_data
[0.775s] copying launch/test.launch.py -> /home/alexey/ros2_ws/install/my_robot/share/my_robot/launch
[0.775s] copying urdf/fito.urdf -> /home/alexey/ros2_ws/install/my_robot/share/my_robot/urdf
[0.775s] copying config/acker_control.yaml -> /home/alexey/ros2_ws/install/my_robot/share/my_robot/config
[0.775s] running install_egg_info
[0.791s] removing '/home/alexey/ros2_ws/install/my_robot/lib/python3.12/site-packages/my_robot-0.0.0-py3.12.egg-info' (and everything under it)
[0.791s] Copying ../../build/my_robot/my_robot.egg-info to /home/alexey/ros2_ws/install/my_robot/lib/python3.12/site-packages/my_robot-0.0.0-py3.12.egg-info
[0.792s] running install_scripts
[0.866s] writing list of installed files to '/home/alexey/ros2_ws/build/my_robot/install.log'
[0.882s] Invoked command in '/home/alexey/ros2_ws/src/my_robot' returned '0': DEBUGINFOD_URLS=https://debuginfod.ubuntu.com PYTHONPATH=/home/alexey/ros2_ws/build/my_robot/prefix_override:/usr/lib/python3/dist-packages/colcon_core/task/python/colcon_distutils_commands:/home/alexey/ros2_ws/install/my_robot/lib/python3.12/site-packages:${PYTHONPATH} /usr/bin/python3 -W ignore:setup.py install is deprecated -W ignore:easy_install command is deprecated setup.py egg_info --egg-base ../../build/my_robot build --build-base /home/alexey/ros2_ws/build/my_robot/build install --record /home/alexey/ros2_ws/build/my_robot/install.log --single-version-externally-managed install_data
