[0.475s] Invoking command in '/home/alexey/ros2_ws/build/my_robot': DEBUGINFOD_URLS=https://debuginfod.ubuntu.com PYTHONPATH=/home/alexey/ros2_ws/build/my_robot/prefix_override:/usr/lib/python3/dist-packages/colcon_core/task/python/colcon_distutils_commands:/home/alexey/ros2_ws/install/my_robot/lib/python3.12/site-packages:${PYTHONPATH} /usr/bin/python3 -W ignore:setup.py install is deprecated -W ignore:easy_install command is deprecated setup.py develop --editable --build-directory /home/alexey/ros2_ws/build/my_robot/build --no-deps symlink_data
[0.661s] running develop
[0.767s] running egg_info
[0.767s] creating my_robot.egg-info
[0.776s] writing my_robot.egg-info/PKG-INFO
[0.777s] writing dependency_links to my_robot.egg-info/dependency_links.txt
[0.777s] writing entry points to my_robot.egg-info/entry_points.txt
[0.777s] writing requirements to my_robot.egg-info/requires.txt
[0.777s] writing top-level names to my_robot.egg-info/top_level.txt
[0.777s] writing manifest file 'my_robot.egg-info/SOURCES.txt'
[0.796s] reading manifest file 'my_robot.egg-info/SOURCES.txt'
[0.796s] writing manifest file 'my_robot.egg-info/SOURCES.txt'
[0.807s] running build_ext
[0.807s] Creating /home/alexey/ros2_ws/install/my_robot/lib/python3.12/site-packages/my-robot.egg-link (link to .)
[0.808s] Installing state_publisher script to /home/alexey/ros2_ws/install/my_robot/lib/my_robot
[0.808s] 
[0.808s] Installed /home/alexey/ros2_ws/build/my_robot
[0.808s] running symlink_data
[0.808s] creating /home/alexey/ros2_ws/install/my_robot/share/ament_index
[0.808s] creating /home/alexey/ros2_ws/install/my_robot/share/ament_index/resource_index
[0.808s] creating /home/alexey/ros2_ws/install/my_robot/share/ament_index/resource_index/packages
[0.808s] symbolically linking /home/alexey/ros2_ws/build/my_robot/resource/my_robot -> /home/alexey/ros2_ws/install/my_robot/share/ament_index/resource_index/packages
[0.808s] symbolically linking /home/alexey/ros2_ws/build/my_robot/package.xml -> /home/alexey/ros2_ws/install/my_robot/share/my_robot
[0.808s] creating /home/alexey/ros2_ws/install/my_robot/share/my_robot/launch
[0.808s] symbolically linking /home/alexey/ros2_ws/build/my_robot/launch/my_robot.launch.py -> /home/alexey/ros2_ws/install/my_robot/share/my_robot/launch
[0.828s] Invoked command in '/home/alexey/ros2_ws/build/my_robot' returned '0': DEBUGINFOD_URLS=https://debuginfod.ubuntu.com PYTHONPATH=/home/alexey/ros2_ws/build/my_robot/prefix_override:/usr/lib/python3/dist-packages/colcon_core/task/python/colcon_distutils_commands:/home/alexey/ros2_ws/install/my_robot/lib/python3.12/site-packages:${PYTHONPATH} /usr/bin/python3 -W ignore:setup.py install is deprecated -W ignore:easy_install command is deprecated setup.py develop --editable --build-directory /home/alexey/ros2_ws/build/my_robot/build --no-deps symlink_data
