[0.583s] Invoking command in '/home/alexey/ros2_ws/src/my_robot': DEBUGINFOD_URLS=https://debuginfod.ubuntu.com PYTHONPATH=/home/alexey/ros2_ws/build/my_robot/prefix_override:/usr/lib/python3/dist-packages/colcon_core/task/python/colcon_distutils_commands:/home/alexey/ros2_ws/install/my_robot/lib/python3.12/site-packages:${PYTHONPATH} /usr/bin/python3 -W ignore:setup.py install is deprecated -W ignore:easy_install command is deprecated setup.py egg_info --egg-base ../../build/my_robot build --build-base /home/alexey/ros2_ws/build/my_robot/build install --record /home/alexey/ros2_ws/build/my_robot/install.log --single-version-externally-managed install_data
[0.742s] running egg_info
[0.753s] writing ../../build/my_robot/my_robot.egg-info/PKG-INFO
[0.753s] writing dependency_links to ../../build/my_robot/my_robot.egg-info/dependency_links.txt
[0.753s] writing entry points to ../../build/my_robot/my_robot.egg-info/entry_points.txt
[0.753s] writing requirements to ../../build/my_robot/my_robot.egg-info/requires.txt
[0.753s] writing top-level names to ../../build/my_robot/my_robot.egg-info/top_level.txt
[0.774s] reading manifest file '../../build/my_robot/my_robot.egg-info/SOURCES.txt'
[0.775s] writing manifest file '../../build/my_robot/my_robot.egg-info/SOURCES.txt'
[0.775s] running build
[0.775s] running build_py
[0.775s] copying my_robot/acker_odom.py -> /home/alexey/ros2_ws/build/my_robot/build/lib/my_robot
[0.775s] running install
[0.779s] running install_lib
[0.789s] copying /home/alexey/ros2_ws/build/my_robot/build/lib/my_robot/acker_odom.py -> /home/alexey/ros2_ws/install/my_robot/lib/python3.12/site-packages/my_robot
[0.790s] byte-compiling /home/alexey/ros2_ws/install/my_robot/lib/python3.12/site-packages/my_robot/acker_odom.py to acker_odom.cpython-312.pyc
[0.791s] running install_data
[0.791s] copying config/ekf.yaml -> /home/alexey/ros2_ws/install/my_robot/share/my_robot/config
[0.791s] running install_egg_info
[0.802s] removing '/home/alexey/ros2_ws/install/my_robot/lib/python3.12/site-packages/my_robot-0.0.0-py3.12.egg-info' (and everything under it)
[0.802s] Copying ../../build/my_robot/my_robot.egg-info to /home/alexey/ros2_ws/install/my_robot/lib/python3.12/site-packages/my_robot-0.0.0-py3.12.egg-info
[0.803s] running install_scripts
[0.875s] Installing acker_odom script to /home/alexey/ros2_ws/install/my_robot/lib/my_robot
[0.875s] Installing joy_control script to /home/alexey/ros2_ws/install/my_robot/lib/my_robot
[0.875s] writing list of installed files to '/home/alexey/ros2_ws/build/my_robot/install.log'
[0.891s] Invoked command in '/home/alexey/ros2_ws/src/my_robot' returned '0': DEBUGINFOD_URLS=https://debuginfod.ubuntu.com PYTHONPATH=/home/alexey/ros2_ws/build/my_robot/prefix_override:/usr/lib/python3/dist-packages/colcon_core/task/python/colcon_distutils_commands:/home/alexey/ros2_ws/install/my_robot/lib/python3.12/site-packages:${PYTHONPATH} /usr/bin/python3 -W ignore:setup.py install is deprecated -W ignore:easy_install command is deprecated setup.py egg_info --egg-base ../../build/my_robot build --build-base /home/alexey/ros2_ws/build/my_robot/build install --record /home/alexey/ros2_ws/build/my_robot/install.log --single-version-externally-managed install_data
