running develop
Removing /home/alexey/ros2_ws/install/my_robot/lib/python3.12/site-packages/my-robot.egg-link (link to .)
running egg_info
writing ../../build/my_robot/my_robot.egg-info/PKG-INFO
writing dependency_links to ../../build/my_robot/my_robot.egg-info/dependency_links.txt
writing entry points to ../../build/my_robot/my_robot.egg-info/entry_points.txt
writing requirements to ../../build/my_robot/my_robot.egg-info/requires.txt
writing top-level names to ../../build/my_robot/my_robot.egg-info/top_level.txt
reading manifest file '../../build/my_robot/my_robot.egg-info/SOURCES.txt'
writing manifest file '../../build/my_robot/my_robot.egg-info/SOURCES.txt'
running build
running build_py
running install
running install_lib
creating /home/alexey/ros2_ws/install/my_robot/lib/python3.12/site-packages/my_robot
copying /home/alexey/ros2_ws/build/my_robot/build/lib/my_robot/state_publisher.py -> /home/alexey/ros2_ws/install/my_robot/lib/python3.12/site-packages/my_robot
copying /home/alexey/ros2_ws/build/my_robot/build/lib/my_robot/__init__.py -> /home/alexey/ros2_ws/install/my_robot/lib/python3.12/site-packages/my_robot
byte-compiling /home/alexey/ros2_ws/install/my_robot/lib/python3.12/site-packages/my_robot/state_publisher.py to state_publisher.cpython-312.pyc
byte-compiling /home/alexey/ros2_ws/install/my_robot/lib/python3.12/site-packages/my_robot/__init__.py to __init__.cpython-312.pyc
running install_data
copying resource/my_robot -> /home/alexey/ros2_ws/install/my_robot/share/ament_index/resource_index/packages
copying package.xml -> /home/alexey/ros2_ws/install/my_robot/share/my_robot
copying meshes/link_f_l_w.STL -> /home/alexey/ros2_ws/install/my_robot/share/my_robot/meshes
copying meshes/link_chair.STL -> /home/alexey/ros2_ws/install/my_robot/share/my_robot/meshes
copying meshes/link_w.STL -> /home/alexey/ros2_ws/install/my_robot/share/my_robot/meshes
copying meshes/link_l_w.STL -> /home/alexey/ros2_ws/install/my_robot/share/my_robot/meshes
copying meshes/link_r_w.STL -> /home/alexey/ros2_ws/install/my_robot/share/my_robot/meshes
copying meshes/bushes.STL -> /home/alexey/ros2_ws/install/my_robot/share/my_robot/meshes
copying meshes/base_link.STL -> /home/alexey/ros2_ws/install/my_robot/share/my_robot/meshes
copying meshes/link_f_l.STL -> /home/alexey/ros2_ws/install/my_robot/share/my_robot/meshes
copying meshes/link_f_r.STL -> /home/alexey/ros2_ws/install/my_robot/share/my_robot/meshes
copying meshes/link_f_r_w.STL -> /home/alexey/ros2_ws/install/my_robot/share/my_robot/meshes
copying meshes/borozda.STL -> /home/alexey/ros2_ws/install/my_robot/share/my_robot/meshes
copying config/controllers.yaml -> /home/alexey/ros2_ws/install/my_robot/share/my_robot/config
running install_egg_info
Copying ../../build/my_robot/my_robot.egg-info to /home/alexey/ros2_ws/install/my_robot/lib/python3.12/site-packages/my_robot-0.0.0-py3.12.egg-info
running install_scripts
Installing state_publisher script to /home/alexey/ros2_ws/install/my_robot/lib/my_robot
writing list of installed files to '/home/alexey/ros2_ws/build/my_robot/install.log'
