/home/alexey/ros2_ws/install/my_robot/lib/python3.12/site-packages/my_robot/state_publisher.py
/home/alexey/ros2_ws/install/my_robot/lib/python3.12/site-packages/my_robot/__init__.py
/home/alexey/ros2_ws/install/my_robot/lib/python3.12/site-packages/my_robot/__pycache__/state_publisher.cpython-312.pyc
/home/alexey/ros2_ws/install/my_robot/lib/python3.12/site-packages/my_robot/__pycache__/__init__.cpython-312.pyc
/home/alexey/ros2_ws/install/my_robot/share/ament_index/resource_index/packages/my_robot
/home/alexey/ros2_ws/install/my_robot/share/my_robot/package.xml
/home/alexey/ros2_ws/install/my_robot/share/my_robot/launch
/home/alexey/ros2_ws/install/my_robot/share/my_robot/urdf
/home/alexey/ros2_ws/install/my_robot/share/my_robot/meshes/link_f_l_w.STL
/home/alexey/ros2_ws/install/my_robot/share/my_robot/meshes/link_chair.STL
/home/alexey/ros2_ws/install/my_robot/share/my_robot/meshes/link_w.STL
/home/alexey/ros2_ws/install/my_robot/share/my_robot/meshes/link_l_w.STL
/home/alexey/ros2_ws/install/my_robot/share/my_robot/meshes/link_r_w.STL
/home/alexey/ros2_ws/install/my_robot/share/my_robot/meshes/base_link.STL
/home/alexey/ros2_ws/install/my_robot/share/my_robot/meshes/link_f_l.STL
/home/alexey/ros2_ws/install/my_robot/share/my_robot/meshes/link_f_r.STL
/home/alexey/ros2_ws/install/my_robot/share/my_robot/meshes/link_f_r_w.STL
/home/alexey/ros2_ws/install/my_robot/lib/python3.12/site-packages/my_robot-0.0.0-py3.12.egg-info/top_level.txt
/home/alexey/ros2_ws/install/my_robot/lib/python3.12/site-packages/my_robot-0.0.0-py3.12.egg-info/zip-safe
/home/alexey/ros2_ws/install/my_robot/lib/python3.12/site-packages/my_robot-0.0.0-py3.12.egg-info/PKG-INFO
/home/alexey/ros2_ws/install/my_robot/lib/python3.12/site-packages/my_robot-0.0.0-py3.12.egg-info/dependency_links.txt
/home/alexey/ros2_ws/install/my_robot/lib/python3.12/site-packages/my_robot-0.0.0-py3.12.egg-info/requires.txt
/home/alexey/ros2_ws/install/my_robot/lib/python3.12/site-packages/my_robot-0.0.0-py3.12.egg-info/entry_points.txt
/home/alexey/ros2_ws/install/my_robot/lib/python3.12/site-packages/my_robot-0.0.0-py3.12.egg-info/SOURCES.txt
/home/alexey/ros2_ws/install/my_robot/lib/my_robot/state_publisher
