running egg_info
writing ../../build/my_robot/my_robot.egg-info/PKG-INFO
writing dependency_links to ../../build/my_robot/my_robot.egg-info/dependency_links.txt
writing entry points to ../../build/my_robot/my_robot.egg-info/entry_points.txt
writing requirements to ../../build/my_robot/my_robot.egg-info/requires.txt
writing top-level names to ../../build/my_robot/my_robot.egg-info/top_level.txt
reading manifest file '../../build/my_robot/my_robot.egg-info/SOURCES.txt'
writing manifest file '../../build/my_robot/my_robot.egg-info/SOURCES.txt'
running build
running build_py
copying my_robot/joy_control.py -> /home/alexey/ros2_ws/build/my_robot/build/lib/my_robot
running install
running install_lib
copying /home/alexey/ros2_ws/build/my_robot/build/lib/my_robot/joy_control.py -> /home/alexey/ros2_ws/install/my_robot/lib/python3.12/site-packages/my_robot
byte-compiling /home/alexey/ros2_ws/install/my_robot/lib/python3.12/site-packages/my_robot/joy_control.py to joy_control.cpython-312.pyc
running install_data
copying config/controllers.yaml -> /home/alexey/ros2_ws/install/my_robot/share/my_robot/config
running install_egg_info
removing '/home/alexey/ros2_ws/install/my_robot/lib/python3.12/site-packages/my_robot-0.0.0-py3.12.egg-info' (and everything under it)
Copying ../../build/my_robot/my_robot.egg-info to /home/alexey/ros2_ws/install/my_robot/lib/python3.12/site-packages/my_robot-0.0.0-py3.12.egg-info
running install_scripts
Installing acker_odom script to /home/alexey/ros2_ws/install/my_robot/lib/my_robot
Installing joy_control script to /home/alexey/ros2_ws/install/my_robot/lib/my_robot
writing list of installed files to '/home/alexey/ros2_ws/build/my_robot/install.log'
