[0.466s] Invoking command in '/home/alexey/ros2_ws/src/my_robot': DEBUGINFOD_URLS=https://debuginfod.ubuntu.com PYTHONPATH=/home/alexey/ros2_ws/build/my_robot/prefix_override:/usr/lib/python3/dist-packages/colcon_core/task/python/colcon_distutils_commands:/home/alexey/ros2_ws/install/my_robot/lib/python3.12/site-packages:${PYTHONPATH} /usr/bin/python3 -W ignore:setup.py install is deprecated -W ignore:easy_install command is deprecated setup.py egg_info --egg-base ../../build/my_robot build --build-base /home/alexey/ros2_ws/build/my_robot/build install --record /home/alexey/ros2_ws/build/my_robot/install.log --single-version-externally-managed install_data
[0.644s] running egg_info
[0.655s] writing ../../build/my_robot/my_robot.egg-info/PKG-INFO
[0.655s] writing dependency_links to ../../build/my_robot/my_robot.egg-info/dependency_links.txt
[0.655s] writing entry points to ../../build/my_robot/my_robot.egg-info/entry_points.txt
[0.655s] writing requirements to ../../build/my_robot/my_robot.egg-info/requires.txt
[0.655s] writing top-level names to ../../build/my_robot/my_robot.egg-info/top_level.txt
[0.678s] reading manifest file '../../build/my_robot/my_robot.egg-info/SOURCES.txt'
[0.679s] writing manifest file '../../build/my_robot/my_robot.egg-info/SOURCES.txt'
[0.679s] running build
[0.679s] running build_py
[0.679s] copying my_robot/odom.py -> /home/alexey/ros2_ws/build/my_robot/build/lib/my_robot
[0.679s] copying my_robot/joy_control.py -> /home/alexey/ros2_ws/build/my_robot/build/lib/my_robot
[0.679s] running install
[0.683s] running install_lib
[0.695s] copying /home/alexey/ros2_ws/build/my_robot/build/lib/my_robot/odom.py -> /home/alexey/ros2_ws/install/my_robot/lib/python3.12/site-packages/my_robot
[0.695s] copying /home/alexey/ros2_ws/build/my_robot/build/lib/my_robot/joy_control.py -> /home/alexey/ros2_ws/install/my_robot/lib/python3.12/site-packages/my_robot
[0.695s] byte-compiling /home/alexey/ros2_ws/install/my_robot/lib/python3.12/site-packages/my_robot/odom.py to odom.cpython-312.pyc
[0.696s] byte-compiling /home/alexey/ros2_ws/install/my_robot/lib/python3.12/site-packages/my_robot/joy_control.py to joy_control.cpython-312.pyc
[0.697s] running install_data
[0.697s] copying launch/test.launch.py -> /home/alexey/ros2_ws/install/my_robot/share/my_robot/launch
[0.697s] running install_egg_info
[0.709s] removing '/home/alexey/ros2_ws/install/my_robot/lib/python3.12/site-packages/my_robot-0.0.0-py3.12.egg-info' (and everything under it)
[0.709s] Copying ../../build/my_robot/my_robot.egg-info to /home/alexey/ros2_ws/install/my_robot/lib/python3.12/site-packages/my_robot-0.0.0-py3.12.egg-info
[0.710s] running install_scripts
[0.788s] Installing odom script to /home/alexey/ros2_ws/install/my_robot/lib/my_robot
[0.788s] writing list of installed files to '/home/alexey/ros2_ws/build/my_robot/install.log'
[0.809s] Invoked command in '/home/alexey/ros2_ws/src/my_robot' returned '0': DEBUGINFOD_URLS=https://debuginfod.ubuntu.com PYTHONPATH=/home/alexey/ros2_ws/build/my_robot/prefix_override:/usr/lib/python3/dist-packages/colcon_core/task/python/colcon_distutils_commands:/home/alexey/ros2_ws/install/my_robot/lib/python3.12/site-packages:${PYTHONPATH} /usr/bin/python3 -W ignore:setup.py install is deprecated -W ignore:easy_install command is deprecated setup.py egg_info --egg-base ../../build/my_robot build --build-base /home/alexey/ros2_ws/build/my_robot/build install --record /home/alexey/ros2_ws/build/my_robot/install.log --single-version-externally-managed install_data
